android/app/build/intermediates/manifest_merge_blame_file/release/manifest-merger-blame-release-report.txt
1<?xml version="1.0" encoding="utf-8"?>
2<manifest xmlns:android="http://schemas.android.com/apk/res/android"
3    package="com.sontrinh.logistic"
4    android:versionCode="1"
5    android:versionName="1.0" >
6
7    <uses-sdk
8        android:minSdkVersion="21"
8-->src/main/AndroidManifest.xml
9        android:targetSdkVersion="33" />
9-->src/main/AndroidManifest.xml
10
11    <uses-permission android:name="android.permission.INTERNET" />
11-->src/main/AndroidManifest.xml:4:5-67
11-->src/main/AndroidManifest.xml:4:22-64
12    <uses-permission android:name="android.permission.WAKE_LOCK" />
12-->[:react-native-firebase_auth] AndroidManifest.xml:10:5-68
12-->[:react-native-firebase_auth] AndroidManifest.xml:10:22-65
13    <uses-permission android:name="android.permission.ACCESS_NETWORK_STATE" />
13-->[:react-native-firebase_auth] AndroidManifest.xml:11:5-79
13-->[:react-native-firebase_auth] AndroidManifest.xml:11:22-76
14    <uses-permission android:name="android.permission.ACCESS_WIFI_STATE" />
14-->[:react-native-os] AndroidManifest.xml:11:5-76
14-->[:react-native-os] AndroidManifest.xml:11:22-73
15    <uses-permission android:name="android.permission.CHANGE_WIFI_MULTICAST_STATE" />
15-->[:react-native-udp] AndroidManifest.xml:12:5-86
15-->[:react-native-udp] AndroidManifest.xml:12:22-83
16    <uses-permission android:name="android.permission.POST_NOTIFICATIONS" /> <!-- Required by older versions of Google Play services to create IID tokens -->
16-->[com.google.firebase:firebase-messaging:23.1.1] AndroidManifest.xml:25:5-77
16-->[com.google.firebase:firebase-messaging:23.1.1] AndroidManifest.xml:25:22-74
17    <uses-permission android:name="com.google.android.c2dm.permission.RECEIVE" />
17-->[com.google.firebase:firebase-messaging:23.1.1] AndroidManifest.xml:28:5-82
17-->[com.google.firebase:firebase-messaging:23.1.1] AndroidManifest.xml:28:22-79
18
19    <application
19-->src/main/AndroidManifest.xml:6:5-31:19
20        android:name="com.sontrinh.logistic.MainApplication"
20-->src/main/AndroidManifest.xml:8:7-38
21        android:allowBackup="false"
21-->src/main/AndroidManifest.xml:12:7-34
22        android:appComponentFactory="androidx.core.app.CoreComponentFactory"
22-->[androidx.core:core:1.6.0] AndroidManifest.xml:24:18-86
23        android:icon="@mipmap/ic_launcher"
23-->src/main/AndroidManifest.xml:10:7-41
24        android:label="@string/app_name"
24-->src/main/AndroidManifest.xml:9:7-39
25        android:roundIcon="@mipmap/ic_launcher_round"
25-->src/main/AndroidManifest.xml:11:7-52
26        android:theme="@style/AppTheme"
26-->src/main/AndroidManifest.xml:14:7-38
27        android:usesCleartextTraffic="true"
27-->src/main/AndroidManifest.xml:7:7-42
28        android:windowSoftInputMode="stateAlwaysHidden|adjustPan" >
28-->src/main/AndroidManifest.xml:13:9-66
29        <activity
29-->src/main/AndroidManifest.xml:17:9-30:18
30            android:name="com.sontrinh.logistic.MainActivity"
30-->src/main/AndroidManifest.xml:18:9-37
31            android:configChanges="keyboard|keyboardHidden|orientation|screenLayout|screenSize|smallestScreenSize|uiMode"
31-->src/main/AndroidManifest.xml:20:9-118
32            android:exported="true"
32-->src/main/AndroidManifest.xml:24:9-32
33            android:label="@string/app_name"
33-->src/main/AndroidManifest.xml:19:9-41
34            android:launchMode="singleTask"
34-->src/main/AndroidManifest.xml:21:9-40
35            android:screenOrientation="portrait"
35-->src/main/AndroidManifest.xml:23:9-45
36            android:windowSoftInputMode="adjustResize" >
36-->src/main/AndroidManifest.xml:22:9-51
37            <intent-filter>
37-->src/main/AndroidManifest.xml:25:9-29:25
38                <action android:name="android.intent.action.MAIN" />
38-->src/main/AndroidManifest.xml:26:13-65
38-->src/main/AndroidManifest.xml:26:21-62
39
40                <category android:name="android.intent.category.LAUNCHER" />
40-->src/main/AndroidManifest.xml:27:13-73
40-->src/main/AndroidManifest.xml:27:23-70
41
42                <data android:scheme="sontrinhlogistic" />
42-->src/main/AndroidManifest.xml:28:13-55
42-->src/main/AndroidManifest.xml:28:19-52
43            </intent-filter>
44        </activity>
45
46        <service
46-->[:react-native-firebase_messaging] AndroidManifest.xml:14:9-16:40
47            android:name="io.invertase.firebase.messaging.ReactNativeFirebaseMessagingHeadlessService"
47-->[:react-native-firebase_messaging] AndroidManifest.xml:15:13-103
48            android:exported="false" />
48-->[:react-native-firebase_messaging] AndroidManifest.xml:16:13-37
49        <service
49-->[:react-native-firebase_messaging] AndroidManifest.xml:17:9-23:19
50            android:name="io.invertase.firebase.messaging.ReactNativeFirebaseMessagingService"
50-->[:react-native-firebase_messaging] AndroidManifest.xml:18:13-95
51            android:exported="false" >
51-->[:react-native-firebase_messaging] AndroidManifest.xml:19:13-37
52            <intent-filter>
52-->[:react-native-firebase_messaging] AndroidManifest.xml:20:13-22:29
53                <action android:name="com.google.firebase.MESSAGING_EVENT" />
53-->[:react-native-firebase_messaging] AndroidManifest.xml:21:17-78
53-->[:react-native-firebase_messaging] AndroidManifest.xml:21:25-75
54            </intent-filter>
55        </service>
56
57        <receiver
57-->[:react-native-firebase_messaging] AndroidManifest.xml:25:9-32:20
58            android:name="io.invertase.firebase.messaging.ReactNativeFirebaseMessagingReceiver"
58-->[:react-native-firebase_messaging] AndroidManifest.xml:26:13-96
59            android:exported="true"
59-->[:react-native-firebase_messaging] AndroidManifest.xml:27:13-36
60            android:permission="com.google.android.c2dm.permission.SEND" >
60-->[:react-native-firebase_messaging] AndroidManifest.xml:28:13-73
61            <intent-filter>
61-->[:react-native-firebase_messaging] AndroidManifest.xml:29:13-31:29
62                <action android:name="com.google.android.c2dm.intent.RECEIVE" />
62-->[:react-native-firebase_messaging] AndroidManifest.xml:30:17-81
62-->[:react-native-firebase_messaging] AndroidManifest.xml:30:25-78
63            </intent-filter>
64        </receiver>
65
66        <meta-data
66-->[:react-native-firebase_messaging] AndroidManifest.xml:34:9-36:36
67            android:name="firebase_messaging_auto_init_enabled"
67-->[:react-native-firebase_messaging] AndroidManifest.xml:35:13-64
68            android:value="true" />
68-->[:react-native-firebase_messaging] AndroidManifest.xml:36:13-33
69        <meta-data
69-->[:react-native-firebase_messaging] AndroidManifest.xml:37:9-39:32
70            android:name="com.google.firebase.messaging.default_notification_channel_id"
70-->[:react-native-firebase_messaging] AndroidManifest.xml:38:13-89
71            android:value="" />
71-->[:react-native-firebase_messaging] AndroidManifest.xml:39:13-29
72        <meta-data
72-->[:react-native-firebase_messaging] AndroidManifest.xml:40:9-42:47
73            android:name="com.google.firebase.messaging.default_notification_color"
73-->[:react-native-firebase_messaging] AndroidManifest.xml:41:13-84
74            android:resource="@color/white" />
74-->[:react-native-firebase_messaging] AndroidManifest.xml:42:13-44
75        <meta-data
75-->[:react-native-firebase_app] AndroidManifest.xml:11:9-13:36
76            android:name="app_data_collection_default_enabled"
76-->[:react-native-firebase_app] AndroidManifest.xml:12:13-63
77            android:value="true" />
77-->[:react-native-firebase_app] AndroidManifest.xml:13:13-33
78
79        <service
79-->[:react-native-firebase_app] AndroidManifest.xml:15:9-23:19
80            android:name="com.google.firebase.components.ComponentDiscoveryService"
80-->[:react-native-firebase_app] AndroidManifest.xml:16:13-84
81            android:directBootAware="true"
81-->[:react-native-firebase_app] AndroidManifest.xml:17:13-43
82            android:exported="false" >
82-->[:react-native-firebase_app] AndroidManifest.xml:18:13-37
83            <meta-data
83-->[:react-native-firebase_app] AndroidManifest.xml:20:13-22:85
84                android:name="com.google.firebase.components:io.invertase.firebase.app.ReactNativeFirebaseAppRegistrar"
84-->[:react-native-firebase_app] AndroidManifest.xml:21:17-120
85                android:value="com.google.firebase.components.ComponentRegistrar" />
85-->[:react-native-firebase_app] AndroidManifest.xml:22:17-82
86            <meta-data
86-->[com.google.firebase:firebase-auth:21.1.0] AndroidManifest.xml:67:13-69:85
87                android:name="com.google.firebase.components:com.google.firebase.auth.FirebaseAuthRegistrar"
87-->[com.google.firebase:firebase-auth:21.1.0] AndroidManifest.xml:68:17-109
88                android:value="com.google.firebase.components.ComponentRegistrar" />
88-->[com.google.firebase:firebase-auth:21.1.0] AndroidManifest.xml:69:17-82
89            <meta-data
89-->[com.google.firebase:firebase-messaging:23.1.1] AndroidManifest.xml:55:13-57:85
90                android:name="com.google.firebase.components:com.google.firebase.messaging.FirebaseMessagingRegistrar"
90-->[com.google.firebase:firebase-messaging:23.1.1] AndroidManifest.xml:56:17-119
91                android:value="com.google.firebase.components.ComponentRegistrar" />
91-->[com.google.firebase:firebase-messaging:23.1.1] AndroidManifest.xml:57:17-82
92            <meta-data
92-->[com.google.firebase:firebase-storage:20.1.0] AndroidManifest.xml:32:13-34:85
93                android:name="com.google.firebase.components:com.google.firebase.storage.StorageRegistrar"
93-->[com.google.firebase:firebase-storage:20.1.0] AndroidManifest.xml:33:17-107
94                android:value="com.google.firebase.components.ComponentRegistrar" />
94-->[com.google.firebase:firebase-storage:20.1.0] AndroidManifest.xml:34:17-82
95            <meta-data
95-->[com.google.firebase:firebase-database:20.1.0] AndroidManifest.xml:31:13-33:85
96                android:name="com.google.firebase.components:com.google.firebase.database.DatabaseRegistrar"
96-->[com.google.firebase:firebase-database:20.1.0] AndroidManifest.xml:32:17-109
97                android:value="com.google.firebase.components.ComponentRegistrar" />
97-->[com.google.firebase:firebase-database:20.1.0] AndroidManifest.xml:33:17-82
98            <meta-data
98-->[com.google.firebase:firebase-datatransport:18.1.7] AndroidManifest.xml:27:13-29:85
99                android:name="com.google.firebase.components:com.google.firebase.datatransport.TransportRegistrar"
99-->[com.google.firebase:firebase-datatransport:18.1.7] AndroidManifest.xml:28:17-115
100                android:value="com.google.firebase.components.ComponentRegistrar" />
100-->[com.google.firebase:firebase-datatransport:18.1.7] AndroidManifest.xml:29:17-82
101            <meta-data
101-->[com.google.firebase:firebase-installations:17.1.0] AndroidManifest.xml:17:13-19:85
102                android:name="com.google.firebase.components:com.google.firebase.installations.FirebaseInstallationsRegistrar"
102-->[com.google.firebase:firebase-installations:17.1.0] AndroidManifest.xml:18:17-127
103                android:value="com.google.firebase.components.ComponentRegistrar" />
103-->[com.google.firebase:firebase-installations:17.1.0] AndroidManifest.xml:19:17-82
104        </service>
105
106        <provider
106-->[:react-native-firebase_app] AndroidManifest.xml:25:9-29:38
107            android:name="io.invertase.firebase.app.ReactNativeFirebaseAppInitProvider"
107-->[:react-native-firebase_app] AndroidManifest.xml:26:13-88
108            android:authorities="com.sontrinh.logistic.reactnativefirebaseappinitprovider"
108-->[:react-native-firebase_app] AndroidManifest.xml:27:13-86
109            android:exported="false"
109-->[:react-native-firebase_app] AndroidManifest.xml:28:13-37
110            android:initOrder="99" />
110-->[:react-native-firebase_app] AndroidManifest.xml:29:13-35
111
112        <activity
112-->[com.google.firebase:firebase-auth:21.1.0] AndroidManifest.xml:27:9-44:20
113            android:name="com.google.firebase.auth.internal.GenericIdpActivity"
113-->[com.google.firebase:firebase-auth:21.1.0] AndroidManifest.xml:28:13-80
114            android:excludeFromRecents="true"
114-->[com.google.firebase:firebase-auth:21.1.0] AndroidManifest.xml:29:13-46
115            android:exported="true"
115-->[com.google.firebase:firebase-auth:21.1.0] AndroidManifest.xml:30:13-36
116            android:launchMode="singleTask"
116-->[com.google.firebase:firebase-auth:21.1.0] AndroidManifest.xml:31:13-44
117            android:theme="@android:style/Theme.Translucent.NoTitleBar" >
117-->[com.google.firebase:firebase-auth:21.1.0] AndroidManifest.xml:32:13-72
118            <intent-filter>
118-->[com.google.firebase:firebase-auth:21.1.0] AndroidManifest.xml:33:13-43:29
119                <action android:name="android.intent.action.VIEW" />
119-->[com.google.firebase:firebase-auth:21.1.0] AndroidManifest.xml:34:17-69
119-->[com.google.firebase:firebase-auth:21.1.0] AndroidManifest.xml:34:25-66
120
121                <category android:name="android.intent.category.DEFAULT" />
121-->[com.google.firebase:firebase-auth:21.1.0] AndroidManifest.xml:36:17-76
121-->[com.google.firebase:firebase-auth:21.1.0] AndroidManifest.xml:36:27-73
122                <category android:name="android.intent.category.BROWSABLE" />
122-->[com.google.firebase:firebase-auth:21.1.0] AndroidManifest.xml:37:17-78
122-->[com.google.firebase:firebase-auth:21.1.0] AndroidManifest.xml:37:27-75
123
124                <data
124-->src/main/AndroidManifest.xml:28:13-55
125                    android:host="firebase.auth"
126                    android:path="/"
127                    android:scheme="genericidp" />
127-->src/main/AndroidManifest.xml:28:19-52
128            </intent-filter>
129        </activity>
130        <activity
130-->[com.google.firebase:firebase-auth:21.1.0] AndroidManifest.xml:45:9-62:20
131            android:name="com.google.firebase.auth.internal.RecaptchaActivity"
131-->[com.google.firebase:firebase-auth:21.1.0] AndroidManifest.xml:46:13-79
132            android:excludeFromRecents="true"
132-->[com.google.firebase:firebase-auth:21.1.0] AndroidManifest.xml:47:13-46
133            android:exported="true"
133-->[com.google.firebase:firebase-auth:21.1.0] AndroidManifest.xml:48:13-36
134            android:launchMode="singleTask"
134-->[com.google.firebase:firebase-auth:21.1.0] AndroidManifest.xml:49:13-44
135            android:theme="@android:style/Theme.Translucent.NoTitleBar" >
135-->[com.google.firebase:firebase-auth:21.1.0] AndroidManifest.xml:50:13-72
136            <intent-filter>
136-->[com.google.firebase:firebase-auth:21.1.0] AndroidManifest.xml:51:13-61:29
137                <action android:name="android.intent.action.VIEW" />
137-->[com.google.firebase:firebase-auth:21.1.0] AndroidManifest.xml:34:17-69
137-->[com.google.firebase:firebase-auth:21.1.0] AndroidManifest.xml:34:25-66
138
139                <category android:name="android.intent.category.DEFAULT" />
139-->[com.google.firebase:firebase-auth:21.1.0] AndroidManifest.xml:36:17-76
139-->[com.google.firebase:firebase-auth:21.1.0] AndroidManifest.xml:36:27-73
140                <category android:name="android.intent.category.BROWSABLE" />
140-->[com.google.firebase:firebase-auth:21.1.0] AndroidManifest.xml:37:17-78
140-->[com.google.firebase:firebase-auth:21.1.0] AndroidManifest.xml:37:27-75
141
142                <data
142-->src/main/AndroidManifest.xml:28:13-55
143                    android:host="firebase.auth"
144                    android:path="/"
145                    android:scheme="recaptcha" />
145-->src/main/AndroidManifest.xml:28:19-52
146            </intent-filter>
147        </activity>
148
149        <provider
149-->[:react-native-image-picker] AndroidManifest.xml:10:9-18:20
150            android:name="com.imagepicker.ImagePickerProvider"
150-->[:react-native-image-picker] AndroidManifest.xml:11:13-63
151            android:authorities="com.sontrinh.logistic.imagepickerprovider"
151-->[:react-native-image-picker] AndroidManifest.xml:12:13-71
152            android:exported="false"
152-->[:react-native-image-picker] AndroidManifest.xml:13:13-37
153            android:grantUriPermissions="true" >
153-->[:react-native-image-picker] AndroidManifest.xml:14:13-47
154            <meta-data
154-->[:react-native-image-picker] AndroidManifest.xml:15:13-17:70
155                android:name="android.support.FILE_PROVIDER_PATHS"
155-->[:react-native-image-picker] AndroidManifest.xml:16:17-67
156                android:resource="@xml/imagepicker_provider_paths" />
156-->[:react-native-image-picker] AndroidManifest.xml:17:17-67
157        </provider>
158
159        <activity
159-->[com.google.android.gms:play-services-auth:20.3.0] AndroidManifest.xml:23:9-27:75
160            android:name="com.google.android.gms.auth.api.signin.internal.SignInHubActivity"
160-->[com.google.android.gms:play-services-auth:20.3.0] AndroidManifest.xml:24:13-93
161            android:excludeFromRecents="true"
161-->[com.google.android.gms:play-services-auth:20.3.0] AndroidManifest.xml:25:13-46
162            android:exported="false"
162-->[com.google.android.gms:play-services-auth:20.3.0] AndroidManifest.xml:26:13-37
163            android:theme="@android:style/Theme.Translucent.NoTitleBar" />
163-->[com.google.android.gms:play-services-auth:20.3.0] AndroidManifest.xml:27:13-72
164        <!--
165            Service handling Google Sign-In user revocation. For apps that do not integrate with
166            Google Sign-In, this service will never be started.
167        -->
168        <service
168-->[com.google.android.gms:play-services-auth:20.3.0] AndroidManifest.xml:33:9-37:51
169            android:name="com.google.android.gms.auth.api.signin.RevocationBoundService"
169-->[com.google.android.gms:play-services-auth:20.3.0] AndroidManifest.xml:34:13-89
170            android:exported="true"
170-->[com.google.android.gms:play-services-auth:20.3.0] AndroidManifest.xml:35:13-36
171            android:permission="com.google.android.gms.auth.api.signin.permission.REVOCATION_NOTIFICATION"
171-->[com.google.android.gms:play-services-auth:20.3.0] AndroidManifest.xml:36:13-107
172            android:visibleToInstantApps="true" />
172-->[com.google.android.gms:play-services-auth:20.3.0] AndroidManifest.xml:37:13-48
173
174        <meta-data
174-->[com.github.bumptech.glide:okhttp3-integration:4.12.0] AndroidManifest.xml:11:9-13:43
175            android:name="com.bumptech.glide.integration.okhttp3.OkHttpGlideModule"
175-->[com.github.bumptech.glide:okhttp3-integration:4.12.0] AndroidManifest.xml:12:13-84
176            android:value="GlideModule" />
176-->[com.github.bumptech.glide:okhttp3-integration:4.12.0] AndroidManifest.xml:13:13-40
177
178        <receiver
178-->[com.google.firebase:firebase-messaging:23.1.1] AndroidManifest.xml:31:9-38:20
179            android:name="com.google.firebase.iid.FirebaseInstanceIdReceiver"
179-->[com.google.firebase:firebase-messaging:23.1.1] AndroidManifest.xml:32:13-78
180            android:exported="true"
180-->[com.google.firebase:firebase-messaging:23.1.1] AndroidManifest.xml:33:13-36
181            android:permission="com.google.android.c2dm.permission.SEND" >
181-->[com.google.firebase:firebase-messaging:23.1.1] AndroidManifest.xml:34:13-73
182            <intent-filter>
182-->[:react-native-firebase_messaging] AndroidManifest.xml:29:13-31:29
183                <action android:name="com.google.android.c2dm.intent.RECEIVE" />
183-->[:react-native-firebase_messaging] AndroidManifest.xml:30:17-81
183-->[:react-native-firebase_messaging] AndroidManifest.xml:30:25-78
184            </intent-filter>
185        </receiver>
186        <!--
187             FirebaseMessagingService performs security checks at runtime,
188             but set to not exported to explicitly avoid allowing another app to call it.
189        -->
190        <service
190-->[com.google.firebase:firebase-messaging:23.1.1] AndroidManifest.xml:44:9-51:19
191            android:name="com.google.firebase.messaging.FirebaseMessagingService"
191-->[com.google.firebase:firebase-messaging:23.1.1] AndroidManifest.xml:45:13-82
192            android:directBootAware="true"
192-->[com.google.firebase:firebase-messaging:23.1.1] AndroidManifest.xml:46:13-43
193            android:exported="false" >
193-->[com.google.firebase:firebase-messaging:23.1.1] AndroidManifest.xml:47:13-37
194            <intent-filter android:priority="-500" >
194-->[:react-native-firebase_messaging] AndroidManifest.xml:20:13-22:29
195                <action android:name="com.google.firebase.MESSAGING_EVENT" />
195-->[:react-native-firebase_messaging] AndroidManifest.xml:21:17-78
195-->[:react-native-firebase_messaging] AndroidManifest.xml:21:25-75
196            </intent-filter>
197        </service>
198
199        <activity
199-->[com.google.android.gms:play-services-base:18.0.1] AndroidManifest.xml:20:9-22:45
200            android:name="com.google.android.gms.common.api.GoogleApiActivity"
200-->[com.google.android.gms:play-services-base:18.0.1] AndroidManifest.xml:20:19-85
201            android:exported="false"
201-->[com.google.android.gms:play-services-base:18.0.1] AndroidManifest.xml:22:19-43
202            android:theme="@android:style/Theme.Translucent.NoTitleBar" />
202-->[com.google.android.gms:play-services-base:18.0.1] AndroidManifest.xml:21:19-78
203
204        <provider
204-->[com.google.firebase:firebase-common:20.2.0] AndroidManifest.xml:25:9-30:39
205            android:name="com.google.firebase.provider.FirebaseInitProvider"
205-->[com.google.firebase:firebase-common:20.2.0] AndroidManifest.xml:26:13-77
206            android:authorities="com.sontrinh.logistic.firebaseinitprovider"
206-->[com.google.firebase:firebase-common:20.2.0] AndroidManifest.xml:27:13-72
207            android:directBootAware="true"
207-->[com.google.firebase:firebase-common:20.2.0] AndroidManifest.xml:28:13-43
208            android:exported="false"
208-->[com.google.firebase:firebase-common:20.2.0] AndroidManifest.xml:29:13-37
209            android:initOrder="100" />
209-->[com.google.firebase:firebase-common:20.2.0] AndroidManifest.xml:30:13-36
210
211        <meta-data
211-->[com.google.android.gms:play-services-basement:18.1.0] AndroidManifest.xml:21:9-23:69
212            android:name="com.google.android.gms.version"
212-->[com.google.android.gms:play-services-basement:18.1.0] AndroidManifest.xml:22:13-58
213            android:value="@integer/google_play_services_version" />
213-->[com.google.android.gms:play-services-basement:18.1.0] AndroidManifest.xml:23:13-66
214
215        <service
215-->[com.google.android.datatransport:transport-backend-cct:3.1.8] AndroidManifest.xml:28:9-34:19
216            android:name="com.google.android.datatransport.runtime.backends.TransportBackendDiscovery"
216-->[com.google.android.datatransport:transport-backend-cct:3.1.8] AndroidManifest.xml:29:13-103
217            android:exported="false" >
217-->[com.google.android.datatransport:transport-backend-cct:3.1.8] AndroidManifest.xml:30:13-37
218            <meta-data
218-->[com.google.android.datatransport:transport-backend-cct:3.1.8] AndroidManifest.xml:31:13-33:39
219                android:name="backend:com.google.android.datatransport.cct.CctBackendFactory"
219-->[com.google.android.datatransport:transport-backend-cct:3.1.8] AndroidManifest.xml:32:17-94
220                android:value="cct" />
220-->[com.google.android.datatransport:transport-backend-cct:3.1.8] AndroidManifest.xml:33:17-36
221        </service>
222        <service
222-->[com.google.android.datatransport:transport-runtime:3.1.8] AndroidManifest.xml:26:9-30:19
223            android:name="com.google.android.datatransport.runtime.scheduling.jobscheduling.JobInfoSchedulerService"
223-->[com.google.android.datatransport:transport-runtime:3.1.8] AndroidManifest.xml:27:13-117
224            android:exported="false"
224-->[com.google.android.datatransport:transport-runtime:3.1.8] AndroidManifest.xml:28:13-37
225            android:permission="android.permission.BIND_JOB_SERVICE" >
225-->[com.google.android.datatransport:transport-runtime:3.1.8] AndroidManifest.xml:29:13-69
226        </service>
227
228        <receiver
228-->[com.google.android.datatransport:transport-runtime:3.1.8] AndroidManifest.xml:32:9-34:40
229            android:name="com.google.android.datatransport.runtime.scheduling.jobscheduling.AlarmManagerSchedulerBroadcastReceiver"
229-->[com.google.android.datatransport:transport-runtime:3.1.8] AndroidManifest.xml:33:13-132
230            android:exported="false" />
230-->[com.google.android.datatransport:transport-runtime:3.1.8] AndroidManifest.xml:34:13-37
231    </application>
232
233</manifest>